2025-01-13 22:33:32.990 [main] WARN  com.alibaba.nacos.client.logging.NacosLogging - Load Logback Configuration of Nacos fail, message: Could not initialize Logback Nacos logging from classpath:nacos-logback.xml
2025-01-13 22:33:33.013 [main] WARN  com.alibaba.nacos.client.logging.NacosLogging - Load Logback Configuration of Nacos fail, message: Could not initialize Logback Nacos logging from classpath:nacos-logback.xml
2025-01-13 22:33:33.014 [main] INFO  c.swc.orangBook.search.OrangeBookSearchApplication - The following 1 profile is active: "dev"
2025-01-13 22:33:33.661 [main] INFO  o.springframework.cloud.context.scope.GenericScope - BeanFactory id=33209680-8e66-3e69-b0ae-ca7783d20cec
2025-01-13 22:33:34.200 [main] INFO  o.s.boot.web.embedded.tomcat.TomcatWebServer - Tomcat initialized with port(s): 8092 (http)
2025-01-13 22:33:34.211 [main] INFO  org.apache.catalina.core.StandardService - Starting service [Tomcat]
2025-01-13 22:33:34.212 [main] INFO  org.apache.catalina.core.StandardEngine - Starting Servlet engine: [Apache Tomcat/10.1.5]
2025-01-13 22:33:34.347 [main] INFO  o.a.c.core.ContainerBase.[Tomcat].[localhost].[/] - Initializing Spring embedded WebApplicationContext
2025-01-13 22:33:34.348 [main] INFO  o.s.b.w.s.c.ServletWebServerApplicationContext - Root WebApplicationContext: initialization completed in 1317 ms
2025-01-13 22:33:36.013 [main] INFO  org.springframework.cloud.commons.util.InetUtils - Cannot determine local hostname
2025-01-13 22:33:37.812 [main] INFO  org.springframework.cloud.commons.util.InetUtils - Cannot determine local hostname
2025-01-13 22:33:37.882 [main] INFO  o.s.boot.web.embedded.tomcat.TomcatWebServer - Tomcat started on port(s): 8092 (http) with context path ''
2025-01-13 22:33:37.885 [main] WARN  c.a.cloud.nacos.registry.NacosServiceRegistry - No service to register for nacos client...
2025-01-13 22:33:39.145 [main] INFO  org.springframework.cloud.commons.util.InetUtils - Cannot determine local hostname
2025-01-13 22:33:39.161 [main] INFO  c.swc.orangBook.search.OrangeBookSearchApplication - Started OrangeBookSearchApplication in 10.149 seconds (process running for 11.0)
2025-01-13 22:34:13.513 [SpringApplicationShutdownHook] INFO  c.a.cloud.nacos.registry.NacosServiceRegistry - De-registering from Nacos Server now...
2025-01-13 22:34:13.514 [SpringApplicationShutdownHook] WARN  c.a.cloud.nacos.registry.NacosServiceRegistry - No dom to de-register for nacos client...
2025-01-13 22:34:19.813 [main] WARN  com.alibaba.nacos.client.logging.NacosLogging - Load Logback Configuration of Nacos fail, message: Could not initialize Logback Nacos logging from classpath:nacos-logback.xml
2025-01-13 22:34:19.891 [main] WARN  com.alibaba.nacos.client.logging.NacosLogging - Load Logback Configuration of Nacos fail, message: Could not initialize Logback Nacos logging from classpath:nacos-logback.xml
2025-01-13 22:34:21.653 [main] WARN  com.alibaba.nacos.client.logging.NacosLogging - Load Logback Configuration of Nacos fail, message: Could not initialize Logback Nacos logging from classpath:nacos-logback.xml
2025-01-13 22:34:21.669 [main] WARN  com.alibaba.nacos.client.logging.NacosLogging - Load Logback Configuration of Nacos fail, message: Could not initialize Logback Nacos logging from classpath:nacos-logback.xml
2025-01-13 22:34:21.670 [main] INFO  c.swc.orangBook.search.OrangeBookSearchApplication - The following 1 profile is active: "dev"
2025-01-13 22:34:22.311 [main] INFO  o.springframework.cloud.context.scope.GenericScope - BeanFactory id=33209680-8e66-3e69-b0ae-ca7783d20cec
2025-01-13 22:34:22.852 [main] INFO  o.s.boot.web.embedded.tomcat.TomcatWebServer - Tomcat initialized with port(s): 8092 (http)
2025-01-13 22:34:22.864 [main] INFO  org.apache.catalina.core.StandardService - Starting service [Tomcat]
2025-01-13 22:34:22.864 [main] INFO  org.apache.catalina.core.StandardEngine - Starting Servlet engine: [Apache Tomcat/10.1.5]
2025-01-13 22:34:22.985 [main] INFO  o.a.c.core.ContainerBase.[Tomcat].[localhost].[/] - Initializing Spring embedded WebApplicationContext
2025-01-13 22:34:22.986 [main] INFO  o.s.b.w.s.c.ServletWebServerApplicationContext - Root WebApplicationContext: initialization completed in 1297 ms
2025-01-13 22:34:24.672 [main] INFO  org.springframework.cloud.commons.util.InetUtils - Cannot determine local hostname
2025-01-13 22:34:26.473 [main] INFO  org.springframework.cloud.commons.util.InetUtils - Cannot determine local hostname
2025-01-13 22:34:26.548 [main] INFO  o.s.boot.web.embedded.tomcat.TomcatWebServer - Tomcat started on port(s): 8092 (http) with context path ''
2025-01-13 22:34:26.567 [main] WARN  com.alibaba.nacos.client.logging.NacosLogging - Load Logback Configuration of Nacos fail, message: Could not initialize Logback Nacos logging from classpath:nacos-logback.xml
2025-01-13 22:34:26.568 [main] INFO  com.alibaba.nacos.client.naming - initializer namespace from ans.namespace attribute : null
2025-01-13 22:34:26.569 [main] INFO  com.alibaba.nacos.client.naming - initializer namespace from ALIBABA_ALIWARE_NAMESPACE attribute :null
2025-01-13 22:34:26.570 [main] INFO  com.alibaba.nacos.client.naming - initializer namespace from namespace attribute :null
2025-01-13 22:34:26.615 [main] INFO  com.alibaba.nacos.client.utils.ParamUtil - [settings] [req-serv] nacos-server port:8848
2025-01-13 22:34:26.615 [main] INFO  com.alibaba.nacos.client.utils.ParamUtil - [settings] [http-client] connect timeout:1000
2025-01-13 22:34:26.616 [main] INFO  com.alibaba.nacos.client.utils.ParamUtil - PER_TASK_CONFIG_SIZE: 3000.0
2025-01-13 22:34:26.621 [main] INFO  c.a.n.p.auth.spi.client.ClientAuthPluginManager - [ClientAuthPluginManager] Load ClientAuthService com.alibaba.nacos.client.auth.impl.NacosClientAuthServiceImpl success.
2025-01-13 22:34:26.621 [main] INFO  c.a.n.p.auth.spi.client.ClientAuthPluginManager - [ClientAuthPluginManager] Load ClientAuthService com.alibaba.nacos.client.auth.ram.RamClientAuthServiceImpl success.
2025-01-13 22:34:26.625 [main] INFO  c.a.n.client.auth.ram.identify.CredentialWatcher - null No credential found
2025-01-13 22:34:26.636 [main] INFO  com.alibaba.nacos.common.remote.client - [RpcClientFactory] create a new rpc client of 40e294e3-6ea4-4827-8f32-1be89d0d5cdf
2025-01-13 22:34:26.659 [main] INFO  com.alibaba.nacos.common.remote.client - [40e294e3-6ea4-4827-8f32-1be89d0d5cdf] RpcClient init, ServerListFactory = com.alibaba.nacos.client.naming.core.ServerListManager
2025-01-13 22:34:26.659 [main] INFO  com.alibaba.nacos.common.remote.client - [40e294e3-6ea4-4827-8f32-1be89d0d5cdf] Registry connection listener to current client:com.alibaba.nacos.client.naming.remote.gprc.redo.NamingGrpcRedoService
2025-01-13 22:34:26.660 [main] INFO  com.alibaba.nacos.common.remote.client - [40e294e3-6ea4-4827-8f32-1be89d0d5cdf] Register server push request handler:com.alibaba.nacos.client.naming.remote.gprc.NamingPushRequestHandler
2025-01-13 22:34:26.663 [main] INFO  com.alibaba.nacos.common.remote.client - [40e294e3-6ea4-4827-8f32-1be89d0d5cdf] Try to connect to server on start up, server: {serverIp = '192.168.247.138', server main port = 8848}
2025-01-13 22:34:26.700 [main] INFO  c.a.nacos.common.remote.client.grpc.GrpcClient - grpc client connection server:192.168.247.138 ip,serverPort:9848,grpcTslConfig:{"sslProvider":"OPENSSL","enableTls":false,"mutualAuthEnable":false,"trustAll":false}
2025-01-13 22:34:28.473 [main] INFO  com.alibaba.nacos.common.remote.client - [40e294e3-6ea4-4827-8f32-1be89d0d5cdf] Success to connect to server [192.168.247.138:8848] on start up, connectionId = 1734358422021_192.168.247.1_56586
2025-01-13 22:34:28.474 [com.alibaba.nacos.client.remote.worker] INFO  com.alibaba.nacos.common.remote.client - [40e294e3-6ea4-4827-8f32-1be89d0d5cdf] Notify connected event to listeners.
2025-01-13 22:34:28.475 [com.alibaba.nacos.client.remote.worker] INFO  com.alibaba.nacos.client.naming - Grpc connection connect
2025-01-13 22:34:28.475 [main] INFO  com.alibaba.nacos.common.remote.client - [40e294e3-6ea4-4827-8f32-1be89d0d5cdf] Register server push request handler:com.alibaba.nacos.common.remote.client.RpcClient$ConnectResetRequestHandler
2025-01-13 22:34:28.475 [main] INFO  com.alibaba.nacos.common.remote.client - [40e294e3-6ea4-4827-8f32-1be89d0d5cdf] Register server push request handler:com.alibaba.nacos.common.remote.client.RpcClient$$Lambda$910/0x0000023c2d6a5d88
2025-01-13 22:34:28.477 [main] INFO  com.alibaba.nacos.client.naming - [REGISTER-SERVICE] xiaochengshu registering service xiaochengshu-search with instance Instance{instanceId='null', ip='192.168.17.1', port=8092, weight=1.0, healthy=true, enabled=true, ephemeral=true, clusterName='DEFAULT', serviceName='null', metadata={IPv6=null, preserved.register.source=SPRING_CLOUD}}
2025-01-13 22:34:28.584 [main] INFO  c.a.cloud.nacos.registry.NacosServiceRegistry - nacos registry, DEFAULT_GROUP xiaochengshu-search 192.168.17.1:8092 register finished
2025-01-13 22:34:29.834 [main] INFO  org.springframework.cloud.commons.util.InetUtils - Cannot determine local hostname
2025-01-13 22:34:29.844 [main] INFO  c.swc.orangBook.search.OrangeBookSearchApplication - Started OrangeBookSearchApplication in 12.058 seconds (process running for 12.798)
2025-01-13 22:35:13.606 [Thread-8] WARN  c.alibaba.nacos.common.http.HttpClientBeanHolder - [HttpClientBeanHolder] Start destroying common HttpClient
2025-01-13 22:35:13.607 [Thread-5] WARN  com.alibaba.nacos.common.notify.NotifyCenter - [NotifyCenter] Start destroying Publisher
2025-01-13 22:35:13.607 [Thread-5] WARN  com.alibaba.nacos.common.notify.NotifyCenter - [NotifyCenter] Destruction of the end
2025-01-13 22:35:13.608 [Thread-8] WARN  c.alibaba.nacos.common.http.HttpClientBeanHolder - [HttpClientBeanHolder] Destruction of the end
2025-01-13 22:35:13.681 [SpringApplicationShutdownHook] INFO  c.a.cloud.nacos.registry.NacosServiceRegistry - De-registering from Nacos Server now...
2025-01-13 22:35:13.682 [SpringApplicationShutdownHook] INFO  com.alibaba.nacos.client.naming - [DEREGISTER-SERVICE] xiaochengshu deregistering service xiaochengshu-search with instance: Instance{instanceId='null', ip='192.168.17.1', port=8092, weight=1.0, healthy=true, enabled=true, ephemeral=true, clusterName='DEFAULT', serviceName='null', metadata={}}
2025-01-13 22:35:13.711 [SpringApplicationShutdownHook] INFO  c.a.cloud.nacos.registry.NacosServiceRegistry - De-registration finished.
2025-01-13 22:35:13.712 [SpringApplicationShutdownHook] INFO  com.alibaba.nacos.client.naming - com.alibaba.nacos.client.naming.cache.ServiceInfoHolder do shutdown begin
2025-01-13 22:35:13.713 [SpringApplicationShutdownHook] INFO  com.alibaba.nacos.client.naming - com.alibaba.nacos.client.naming.backups.FailoverReactor do shutdown begin
2025-01-13 22:35:13.714 [SpringApplicationShutdownHook] INFO  com.alibaba.nacos.client.naming - com.alibaba.nacos.client.naming.backups.FailoverReactor do shutdown stop
2025-01-13 22:35:13.714 [SpringApplicationShutdownHook] INFO  com.alibaba.nacos.client.naming - com.alibaba.nacos.client.naming.cache.ServiceInfoHolder do shutdown stop
2025-01-13 22:35:13.714 [SpringApplicationShutdownHook] INFO  com.alibaba.nacos.client.naming - com.alibaba.nacos.client.naming.remote.NamingClientProxyDelegate do shutdown begin
2025-01-13 22:35:13.714 [SpringApplicationShutdownHook] INFO  com.alibaba.nacos.client.naming - com.alibaba.nacos.client.naming.core.ServiceInfoUpdateService do shutdown begin
2025-01-13 22:35:13.715 [SpringApplicationShutdownHook] INFO  com.alibaba.nacos.client.naming - com.alibaba.nacos.client.naming.core.ServiceInfoUpdateService do shutdown stop
2025-01-13 22:35:13.715 [SpringApplicationShutdownHook] INFO  com.alibaba.nacos.client.naming - com.alibaba.nacos.client.naming.core.ServerListManager do shutdown begin
2025-01-13 22:35:13.715 [SpringApplicationShutdownHook] WARN  com.alibaba.nacos.client.naming - [NamingHttpClientManager] Start destroying NacosRestTemplate
2025-01-13 22:35:13.715 [SpringApplicationShutdownHook] WARN  com.alibaba.nacos.client.naming - [NamingHttpClientManager] Destruction of the end
2025-01-13 22:35:13.715 [SpringApplicationShutdownHook] INFO  com.alibaba.nacos.client.naming - com.alibaba.nacos.client.naming.core.ServerListManager do shutdown stop
2025-01-13 22:35:13.715 [SpringApplicationShutdownHook] INFO  com.alibaba.nacos.client.naming - com.alibaba.nacos.client.naming.remote.http.NamingHttpClientProxy do shutdown begin
2025-01-13 22:35:13.716 [SpringApplicationShutdownHook] WARN  com.alibaba.nacos.client.naming - [NamingHttpClientManager] Start destroying NacosRestTemplate
2025-01-13 22:35:13.716 [SpringApplicationShutdownHook] WARN  com.alibaba.nacos.client.naming - [NamingHttpClientManager] Destruction of the end
2025-01-13 22:35:13.716 [SpringApplicationShutdownHook] INFO  com.alibaba.nacos.client.naming - com.alibaba.nacos.client.naming.remote.http.NamingHttpClientProxy do shutdown stop
2025-01-13 22:35:13.716 [SpringApplicationShutdownHook] INFO  com.alibaba.nacos.common.remote.client - Shutdown rpc client, set status to shutdown
2025-01-13 22:35:13.717 [SpringApplicationShutdownHook] INFO  com.alibaba.nacos.common.remote.client - Shutdown client event executor java.util.concurrent.ScheduledThreadPoolExecutor@4ee546a4[Running, pool size = 2, active threads = 2, queued tasks = 0, completed tasks = 0]
2025-01-13 22:35:13.717 [SpringApplicationShutdownHook] INFO  com.alibaba.nacos.common.remote.client - Close current connection 1734358422021_192.168.247.1_56586
2025-01-13 22:35:13.727 [nacos-grpc-client-executor-192.168.247.138-27] WARN  c.a.nacos.common.remote.client.grpc.GrpcClient - [1734358422021_192.168.247.1_56586]Ignore error event,isRunning:false,isAbandon=false
2025-01-13 22:35:13.732 [SpringApplicationShutdownHook] INFO  c.a.nacos.common.remote.client.grpc.GrpcClient - Shutdown grpc executor java.util.concurrent.ThreadPoolExecutor@779e6456[Running, pool size = 7, active threads = 0, queued tasks = 0, completed tasks = 28]
2025-01-13 22:35:13.733 [SpringApplicationShutdownHook] INFO  com.alibaba.nacos.client.naming - Shutdown grpc redo service executor java.util.concurrent.ScheduledThreadPoolExecutor@2bc1a3a2[Running, pool size = 1, active threads = 0, queued tasks = 1, completed tasks = 15]
2025-01-13 22:35:13.734 [SpringApplicationShutdownHook] INFO  c.a.n.client.auth.ram.identify.CredentialWatcher - [null] CredentialWatcher is stopped
2025-01-13 22:35:13.735 [SpringApplicationShutdownHook] INFO  c.a.n.client.auth.ram.identify.CredentialService - [null] CredentialService is freed
2025-01-13 22:35:13.735 [SpringApplicationShutdownHook] INFO  com.alibaba.nacos.client.naming - com.alibaba.nacos.client.naming.remote.NamingClientProxyDelegate do shutdown stop
