2025-01-18 16:55:40.898 [main] WARN  com.alibaba.nacos.client.logging.NacosLogging - Load Logback Configuration of Nacos fail, message: Could not initialize Logback Nacos logging from classpath:nacos-logback.xml
2025-01-18 16:55:40.974 [main] WARN  com.alibaba.nacos.client.logging.NacosLogging - Load Logback Configuration of Nacos fail, message: Could not initialize Logback Nacos logging from classpath:nacos-logback.xml
2025-01-18 16:55:41.548 [main] WARN  com.alibaba.nacos.client.logging.NacosLogging - Load Logback Configuration of Nacos fail, message: Could not initialize Logback Nacos logging from classpath:nacos-logback.xml
2025-01-18 16:55:41.565 [main] WARN  com.alibaba.nacos.client.logging.NacosLogging - Load Logback Configuration of Nacos fail, message: Could not initialize Logback Nacos logging from classpath:nacos-logback.xml
2025-01-18 16:55:41.567 [main] INFO  c.swc.orangBook.search.OrangeBookSearchApplication - The following 1 profile is active: "dev"
2025-01-18 16:55:42.243 [main] INFO  o.springframework.cloud.context.scope.GenericScope - BeanFactory id=00b816de-9570-3dd5-ae5c-1174bcadcabb
2025-01-18 16:55:42.748 [main] INFO  o.s.boot.web.embedded.tomcat.TomcatWebServer - Tomcat initialized with port(s): 8092 (http)
2025-01-18 16:55:42.760 [main] INFO  org.apache.catalina.core.StandardService - Starting service [Tomcat]
2025-01-18 16:55:42.760 [main] INFO  org.apache.catalina.core.StandardEngine - Starting Servlet engine: [Apache Tomcat/10.1.5]
2025-01-18 16:55:42.870 [main] INFO  o.a.c.core.ContainerBase.[Tomcat].[localhost].[/] - Initializing Spring embedded WebApplicationContext
2025-01-18 16:55:42.870 [main] INFO  o.s.b.w.s.c.ServletWebServerApplicationContext - Root WebApplicationContext: initialization completed in 1289 ms
2025-01-18 16:55:44.275 [main] INFO  o.s.boot.web.embedded.tomcat.TomcatWebServer - Tomcat started on port(s): 8092 (http) with context path ''
2025-01-18 16:55:44.283 [main] WARN  com.alibaba.nacos.client.logging.NacosLogging - Load Logback Configuration of Nacos fail, message: Could not initialize Logback Nacos logging from classpath:nacos-logback.xml
2025-01-18 16:55:44.284 [main] INFO  com.alibaba.nacos.client.naming - initializer namespace from ans.namespace attribute : null
2025-01-18 16:55:44.285 [main] INFO  com.alibaba.nacos.client.naming - initializer namespace from ALIBABA_ALIWARE_NAMESPACE attribute :null
2025-01-18 16:55:44.285 [main] INFO  com.alibaba.nacos.client.naming - initializer namespace from namespace attribute :null
2025-01-18 16:55:44.313 [main] INFO  com.alibaba.nacos.client.utils.ParamUtil - [settings] [req-serv] nacos-server port:8848
2025-01-18 16:55:44.314 [main] INFO  com.alibaba.nacos.client.utils.ParamUtil - [settings] [http-client] connect timeout:1000
2025-01-18 16:55:44.316 [main] INFO  com.alibaba.nacos.client.utils.ParamUtil - PER_TASK_CONFIG_SIZE: 3000.0
2025-01-18 16:55:44.323 [main] INFO  c.a.n.p.auth.spi.client.ClientAuthPluginManager - [ClientAuthPluginManager] Load ClientAuthService com.alibaba.nacos.client.auth.impl.NacosClientAuthServiceImpl success.
2025-01-18 16:55:44.323 [main] INFO  c.a.n.p.auth.spi.client.ClientAuthPluginManager - [ClientAuthPluginManager] Load ClientAuthService com.alibaba.nacos.client.auth.ram.RamClientAuthServiceImpl success.
2025-01-18 16:55:44.327 [main] INFO  c.a.n.client.auth.ram.identify.CredentialWatcher - null No credential found
2025-01-18 16:55:44.338 [main] INFO  com.alibaba.nacos.common.remote.client - [RpcClientFactory] create a new rpc client of 029e189f-0aa3-476d-9633-2b6da22a3cd9
2025-01-18 16:55:44.360 [main] INFO  com.alibaba.nacos.common.remote.client - [029e189f-0aa3-476d-9633-2b6da22a3cd9] RpcClient init, ServerListFactory = com.alibaba.nacos.client.naming.core.ServerListManager
2025-01-18 16:55:44.360 [main] INFO  com.alibaba.nacos.common.remote.client - [029e189f-0aa3-476d-9633-2b6da22a3cd9] Registry connection listener to current client:com.alibaba.nacos.client.naming.remote.gprc.redo.NamingGrpcRedoService
2025-01-18 16:55:44.360 [main] INFO  com.alibaba.nacos.common.remote.client - [029e189f-0aa3-476d-9633-2b6da22a3cd9] Register server push request handler:com.alibaba.nacos.client.naming.remote.gprc.NamingPushRequestHandler
2025-01-18 16:55:44.363 [main] INFO  com.alibaba.nacos.common.remote.client - [029e189f-0aa3-476d-9633-2b6da22a3cd9] Try to connect to server on start up, server: {serverIp = '192.168.247.138', server main port = 8848}
2025-01-18 16:55:44.396 [main] INFO  c.a.nacos.common.remote.client.grpc.GrpcClient - grpc client connection server:192.168.247.138 ip,serverPort:9848,grpcTslConfig:{"sslProvider":"OPENSSL","enableTls":false,"mutualAuthEnable":false,"trustAll":false}
2025-01-18 16:55:45.702 [main] INFO  com.alibaba.nacos.common.remote.client - [029e189f-0aa3-476d-9633-2b6da22a3cd9] Success to connect to server [192.168.247.138:8848] on start up, connectionId = 1734362661343_192.168.247.1_51522
2025-01-18 16:55:45.703 [com.alibaba.nacos.client.remote.worker] INFO  com.alibaba.nacos.common.remote.client - [029e189f-0aa3-476d-9633-2b6da22a3cd9] Notify connected event to listeners.
2025-01-18 16:55:45.703 [com.alibaba.nacos.client.remote.worker] INFO  com.alibaba.nacos.client.naming - Grpc connection connect
2025-01-18 16:55:45.703 [main] INFO  com.alibaba.nacos.common.remote.client - [029e189f-0aa3-476d-9633-2b6da22a3cd9] Register server push request handler:com.alibaba.nacos.common.remote.client.RpcClient$ConnectResetRequestHandler
2025-01-18 16:55:45.704 [main] INFO  com.alibaba.nacos.common.remote.client - [029e189f-0aa3-476d-9633-2b6da22a3cd9] Register server push request handler:com.alibaba.nacos.common.remote.client.RpcClient$$Lambda$1050/0x000001e40972c150
2025-01-18 16:55:45.705 [main] INFO  com.alibaba.nacos.client.naming - [REGISTER-SERVICE] xiaochengshu registering service xiaochengshu-search with instance Instance{instanceId='null', ip='192.168.17.1', port=8092, weight=1.0, healthy=true, enabled=true, ephemeral=true, clusterName='DEFAULT', serviceName='null', metadata={IPv6=null, preserved.register.source=SPRING_CLOUD}}
2025-01-18 16:55:45.748 [main] INFO  c.a.cloud.nacos.registry.NacosServiceRegistry - nacos registry, DEFAULT_GROUP xiaochengshu-search 192.168.17.1:8092 register finished
2025-01-18 16:55:45.965 [main] INFO  c.swc.orangBook.search.OrangeBookSearchApplication - Started OrangeBookSearchApplication in 5.935 seconds (process running for 6.684)
2025-01-18 16:57:04.793 [http-nio-8092-exec-2] INFO  o.a.c.core.ContainerBase.[Tomcat].[localhost].[/] - Initializing Spring DispatcherServlet 'dispatcherServlet'
2025-01-18 16:57:04.793 [http-nio-8092-exec-2] INFO  org.springframework.web.servlet.DispatcherServlet - Initializing Servlet 'dispatcherServlet'
2025-01-18 16:57:04.794 [http-nio-8092-exec-2] INFO  org.springframework.web.servlet.DispatcherServlet - Completed initialization in 1 ms
2025-01-18 16:57:04.914 [http-nio-8092-exec-2] INFO  c.s.f.b.operationlog.aspect.ApiOperationLogAspect - ====== 请求开始: [搜索用户], 入参: {"keyword":"小橙","pageNo":1}, 请求类: com.swc.orangBook.search.controller.UserController, 请求方法: searchUser =================================== 
2025-01-18 16:57:05.044 [http-nio-8092-exec-2] INFO  c.s.orangBook.search.service.impl.UserServiceImpl - ==> SearchRequest: SearchRequest{searchType=QUERY_THEN_FETCH, indices=[user], indicesOptions=IndicesOptions[ignore_unavailable=false, allow_no_indices=true, expand_wildcards_open=true, expand_wildcards_closed=false, allow_aliases_to_multiple_indices=true, forbid_closed_indices=true, ignore_aliases=false, ignore_throttled=true], types=[], routing='null', preference='null', requestCache=null, scroll=null, maxConcurrentShardRequests=0, batchedReduceSize=512, preFilterShardSize=128, allowPartialSearchResults=null, localClusterAlias=null, getOrCreateAbsoluteStartMillis=-1, ccsMinimizeRoundtrips=true, source={"from":0,"size":10,"query":{"multi_match":{"query":"小橙","fields":["nickname^1.0","xiaochengshu_id^1.0"],"type":"best_fields","operator":"OR","slop":0,"prefix_length":0,"max_expansions":50,"zero_terms_query":"NONE","auto_generate_synonyms_phrase_query":true,"fuzzy_transpositions":true,"boost":1.0}},"sort":[{"fans_total":{"order":"desc"}}]}}
2025-01-18 16:57:05.402 [http-nio-8092-exec-2] INFO  c.s.orangBook.search.service.impl.UserServiceImpl - ==> 命中文档总数, hits: 3
2025-01-18 16:57:05.410 [http-nio-8092-exec-2] INFO  c.s.orangBook.search.service.impl.UserServiceImpl - ==> 文档数据: {"id":110,"note_total":0,"fans_total":1,"avatar":null,"xiaochengshu_id":"10108","nickname":"小橙薯10108"}
2025-01-18 16:57:05.419 [http-nio-8092-exec-2] INFO  c.s.orangBook.search.service.impl.UserServiceImpl - ==> 文档数据: {"id":111,"note_total":0,"fans_total":0,"avatar":null,"xiaochengshu_id":"10109","nickname":"小橙薯12310109"}
2025-01-18 16:57:05.420 [http-nio-8092-exec-2] INFO  c.s.orangBook.search.service.impl.UserServiceImpl - ==> 文档数据: {"id":109,"note_total":11,"fans_total":0,"avatar":"http://192.168.247.138:9000/xiaochengshu/6393372825e44444a9ed89e08a19d87f.jpg","xiaochengshu_id":"chengshu22","nickname":"橙留香55555"}
2025-01-18 16:57:05.422 [http-nio-8092-exec-2] INFO  c.s.f.b.operationlog.aspect.ApiOperationLogAspect - ====== 请求结束: [搜索用户], 耗时: 508ms, 出参: {"success":true,"message":null,"errorCode":null,"data":[{"userId":110,"nickname":"小橙薯10108","avatar":null,"xiaochengshuId":"10108","noteTotal":0,"fansTotal":1},{"userId":111,"nickname":"小橙薯12310109","avatar":null,"xiaochengshuId":"10109","noteTotal":0,"fansTotal":0},{"userId":109,"nickname":"橙留香55555","avatar":"http://192.168.247.138:9000/xiaochengshu/6393372825e44444a9ed89e08a19d87f.jpg","xiaochengshuId":"chengshu22","noteTotal":11,"fansTotal":0}],"pageNo":1,"totalCount":3,"pageSize":10,"totalPage":1} =================================== 
2025-01-18 22:08:38.093 [Thread-8] WARN  c.alibaba.nacos.common.http.HttpClientBeanHolder - [HttpClientBeanHolder] Start destroying common HttpClient
2025-01-18 22:08:38.093 [Thread-5] WARN  com.alibaba.nacos.common.notify.NotifyCenter - [NotifyCenter] Start destroying Publisher
2025-01-18 22:08:38.096 [Thread-5] WARN  com.alibaba.nacos.common.notify.NotifyCenter - [NotifyCenter] Destruction of the end
2025-01-18 22:08:38.097 [Thread-8] WARN  c.alibaba.nacos.common.http.HttpClientBeanHolder - [HttpClientBeanHolder] Destruction of the end
2025-01-18 22:08:38.187 [SpringApplicationShutdownHook] INFO  c.a.cloud.nacos.registry.NacosServiceRegistry - De-registering from Nacos Server now...
2025-01-18 22:08:38.187 [SpringApplicationShutdownHook] INFO  com.alibaba.nacos.client.naming - [DEREGISTER-SERVICE] xiaochengshu deregistering service xiaochengshu-search with instance: Instance{instanceId='null', ip='192.168.17.1', port=8092, weight=1.0, healthy=true, enabled=true, ephemeral=true, clusterName='DEFAULT', serviceName='null', metadata={}}
2025-01-18 22:08:38.216 [SpringApplicationShutdownHook] INFO  c.a.cloud.nacos.registry.NacosServiceRegistry - De-registration finished.
2025-01-18 22:08:38.216 [SpringApplicationShutdownHook] INFO  com.alibaba.nacos.client.naming - com.alibaba.nacos.client.naming.cache.ServiceInfoHolder do shutdown begin
2025-01-18 22:08:38.216 [SpringApplicationShutdownHook] INFO  com.alibaba.nacos.client.naming - com.alibaba.nacos.client.naming.backups.FailoverReactor do shutdown begin
2025-01-18 22:08:38.218 [SpringApplicationShutdownHook] INFO  com.alibaba.nacos.client.naming - com.alibaba.nacos.client.naming.backups.FailoverReactor do shutdown stop
2025-01-18 22:08:38.218 [SpringApplicationShutdownHook] INFO  com.alibaba.nacos.client.naming - com.alibaba.nacos.client.naming.cache.ServiceInfoHolder do shutdown stop
2025-01-18 22:08:38.218 [SpringApplicationShutdownHook] INFO  com.alibaba.nacos.client.naming - com.alibaba.nacos.client.naming.remote.NamingClientProxyDelegate do shutdown begin
2025-01-18 22:08:38.218 [SpringApplicationShutdownHook] INFO  com.alibaba.nacos.client.naming - com.alibaba.nacos.client.naming.core.ServiceInfoUpdateService do shutdown begin
2025-01-18 22:08:38.218 [SpringApplicationShutdownHook] INFO  com.alibaba.nacos.client.naming - com.alibaba.nacos.client.naming.core.ServiceInfoUpdateService do shutdown stop
2025-01-18 22:08:38.218 [SpringApplicationShutdownHook] INFO  com.alibaba.nacos.client.naming - com.alibaba.nacos.client.naming.core.ServerListManager do shutdown begin
2025-01-18 22:08:38.218 [SpringApplicationShutdownHook] WARN  com.alibaba.nacos.client.naming - [NamingHttpClientManager] Start destroying NacosRestTemplate
2025-01-18 22:08:38.218 [SpringApplicationShutdownHook] WARN  com.alibaba.nacos.client.naming - [NamingHttpClientManager] Destruction of the end
2025-01-18 22:08:38.218 [SpringApplicationShutdownHook] INFO  com.alibaba.nacos.client.naming - com.alibaba.nacos.client.naming.core.ServerListManager do shutdown stop
2025-01-18 22:08:38.218 [SpringApplicationShutdownHook] INFO  com.alibaba.nacos.client.naming - com.alibaba.nacos.client.naming.remote.http.NamingHttpClientProxy do shutdown begin
2025-01-18 22:08:38.218 [SpringApplicationShutdownHook] WARN  com.alibaba.nacos.client.naming - [NamingHttpClientManager] Start destroying NacosRestTemplate
2025-01-18 22:08:38.219 [SpringApplicationShutdownHook] WARN  com.alibaba.nacos.client.naming - [NamingHttpClientManager] Destruction of the end
2025-01-18 22:08:38.219 [SpringApplicationShutdownHook] INFO  com.alibaba.nacos.client.naming - com.alibaba.nacos.client.naming.remote.http.NamingHttpClientProxy do shutdown stop
2025-01-18 22:08:38.219 [SpringApplicationShutdownHook] INFO  com.alibaba.nacos.common.remote.client - Shutdown rpc client, set status to shutdown
2025-01-18 22:08:38.219 [SpringApplicationShutdownHook] INFO  com.alibaba.nacos.common.remote.client - Shutdown client event executor java.util.concurrent.ScheduledThreadPoolExecutor@2553a82e[Running, pool size = 2, active threads = 2, queued tasks = 0, completed tasks = 0]
2025-01-18 22:08:38.219 [SpringApplicationShutdownHook] INFO  com.alibaba.nacos.common.remote.client - Close current connection 1734362661343_192.168.247.1_51522
2025-01-18 22:08:38.225 [nacos-grpc-client-executor-192.168.247.138-3822] WARN  c.a.nacos.common.remote.client.grpc.GrpcClient - [1734362661343_192.168.247.1_51522]Ignore error event,isRunning:false,isAbandon=false
2025-01-18 22:08:38.229 [SpringApplicationShutdownHook] INFO  c.a.nacos.common.remote.client.grpc.GrpcClient - Shutdown grpc executor java.util.concurrent.ThreadPoolExecutor@cf7f849[Running, pool size = 4, active threads = 0, queued tasks = 0, completed tasks = 3823]
2025-01-18 22:08:38.229 [SpringApplicationShutdownHook] INFO  com.alibaba.nacos.client.naming - Shutdown grpc redo service executor java.util.concurrent.ScheduledThreadPoolExecutor@44114e8c[Running, pool size = 1, active threads = 0, queued tasks = 1, completed tasks = 6255]
2025-01-18 22:08:38.230 [SpringApplicationShutdownHook] INFO  c.a.n.client.auth.ram.identify.CredentialWatcher - [null] CredentialWatcher is stopped
2025-01-18 22:08:38.230 [SpringApplicationShutdownHook] INFO  c.a.n.client.auth.ram.identify.CredentialService - [null] CredentialService is freed
2025-01-18 22:08:38.230 [SpringApplicationShutdownHook] INFO  com.alibaba.nacos.client.naming - com.alibaba.nacos.client.naming.remote.NamingClientProxyDelegate do shutdown stop
2025-01-18 22:08:44.182 [main] WARN  com.alibaba.nacos.client.logging.NacosLogging - Load Logback Configuration of Nacos fail, message: Could not initialize Logback Nacos logging from classpath:nacos-logback.xml
2025-01-18 22:08:44.235 [main] WARN  com.alibaba.nacos.client.logging.NacosLogging - Load Logback Configuration of Nacos fail, message: Could not initialize Logback Nacos logging from classpath:nacos-logback.xml
2025-01-18 22:08:44.762 [main] WARN  com.alibaba.nacos.client.logging.NacosLogging - Load Logback Configuration of Nacos fail, message: Could not initialize Logback Nacos logging from classpath:nacos-logback.xml
2025-01-18 22:08:44.774 [main] WARN  com.alibaba.nacos.client.logging.NacosLogging - Load Logback Configuration of Nacos fail, message: Could not initialize Logback Nacos logging from classpath:nacos-logback.xml
2025-01-18 22:08:44.775 [main] INFO  c.swc.orangBook.search.OrangeBookSearchApplication - The following 1 profile is active: "dev"
2025-01-18 22:08:45.192 [main] INFO  o.springframework.cloud.context.scope.GenericScope - BeanFactory id=00b816de-9570-3dd5-ae5c-1174bcadcabb
2025-01-18 22:08:45.577 [main] INFO  o.s.boot.web.embedded.tomcat.TomcatWebServer - Tomcat initialized with port(s): 8092 (http)
2025-01-18 22:08:45.588 [main] INFO  org.apache.catalina.core.StandardService - Starting service [Tomcat]
2025-01-18 22:08:45.588 [main] INFO  org.apache.catalina.core.StandardEngine - Starting Servlet engine: [Apache Tomcat/10.1.5]
2025-01-18 22:08:45.728 [main] INFO  o.a.c.core.ContainerBase.[Tomcat].[localhost].[/] - Initializing Spring embedded WebApplicationContext
2025-01-18 22:08:45.729 [main] INFO  o.s.b.w.s.c.ServletWebServerApplicationContext - Root WebApplicationContext: initialization completed in 944 ms
2025-01-18 22:08:47.308 [main] INFO  o.s.boot.web.embedded.tomcat.TomcatWebServer - Tomcat started on port(s): 8092 (http) with context path ''
2025-01-18 22:08:47.316 [main] WARN  com.alibaba.nacos.client.logging.NacosLogging - Load Logback Configuration of Nacos fail, message: Could not initialize Logback Nacos logging from classpath:nacos-logback.xml
2025-01-18 22:08:47.316 [main] INFO  com.alibaba.nacos.client.naming - initializer namespace from ans.namespace attribute : null
2025-01-18 22:08:47.317 [main] INFO  com.alibaba.nacos.client.naming - initializer namespace from ALIBABA_ALIWARE_NAMESPACE attribute :null
2025-01-18 22:08:47.318 [main] INFO  com.alibaba.nacos.client.naming - initializer namespace from namespace attribute :null
2025-01-18 22:08:47.340 [main] INFO  com.alibaba.nacos.client.utils.ParamUtil - [settings] [req-serv] nacos-server port:8848
2025-01-18 22:08:47.340 [main] INFO  com.alibaba.nacos.client.utils.ParamUtil - [settings] [http-client] connect timeout:1000
2025-01-18 22:08:47.342 [main] INFO  com.alibaba.nacos.client.utils.ParamUtil - PER_TASK_CONFIG_SIZE: 3000.0
2025-01-18 22:08:47.347 [main] INFO  c.a.n.p.auth.spi.client.ClientAuthPluginManager - [ClientAuthPluginManager] Load ClientAuthService com.alibaba.nacos.client.auth.impl.NacosClientAuthServiceImpl success.
2025-01-18 22:08:47.347 [main] INFO  c.a.n.p.auth.spi.client.ClientAuthPluginManager - [ClientAuthPluginManager] Load ClientAuthService com.alibaba.nacos.client.auth.ram.RamClientAuthServiceImpl success.
2025-01-18 22:08:47.349 [main] INFO  c.a.n.client.auth.ram.identify.CredentialWatcher - null No credential found
2025-01-18 22:08:47.359 [main] INFO  com.alibaba.nacos.common.remote.client - [RpcClientFactory] create a new rpc client of 8797a695-684e-4ffc-93ec-9a3914f18356
2025-01-18 22:08:47.380 [main] INFO  com.alibaba.nacos.common.remote.client - [8797a695-684e-4ffc-93ec-9a3914f18356] RpcClient init, ServerListFactory = com.alibaba.nacos.client.naming.core.ServerListManager
2025-01-18 22:08:47.380 [main] INFO  com.alibaba.nacos.common.remote.client - [8797a695-684e-4ffc-93ec-9a3914f18356] Registry connection listener to current client:com.alibaba.nacos.client.naming.remote.gprc.redo.NamingGrpcRedoService
2025-01-18 22:08:47.380 [main] INFO  com.alibaba.nacos.common.remote.client - [8797a695-684e-4ffc-93ec-9a3914f18356] Register server push request handler:com.alibaba.nacos.client.naming.remote.gprc.NamingPushRequestHandler
2025-01-18 22:08:47.382 [main] INFO  com.alibaba.nacos.common.remote.client - [8797a695-684e-4ffc-93ec-9a3914f18356] Try to connect to server on start up, server: {serverIp = '192.168.247.138', server main port = 8848}
2025-01-18 22:08:47.410 [main] INFO  c.a.nacos.common.remote.client.grpc.GrpcClient - grpc client connection server:192.168.247.138 ip,serverPort:9848,grpcTslConfig:{"sslProvider":"OPENSSL","enableTls":false,"mutualAuthEnable":false,"trustAll":false}
2025-01-18 22:08:48.463 [main] INFO  com.alibaba.nacos.common.remote.client - [8797a695-684e-4ffc-93ec-9a3914f18356] Success to connect to server [192.168.247.138:8848] on start up, connectionId = 1734383009421_192.168.247.1_53138
2025-01-18 22:08:48.464 [com.alibaba.nacos.client.remote.worker] INFO  com.alibaba.nacos.common.remote.client - [8797a695-684e-4ffc-93ec-9a3914f18356] Notify connected event to listeners.
2025-01-18 22:08:48.464 [main] INFO  com.alibaba.nacos.common.remote.client - [8797a695-684e-4ffc-93ec-9a3914f18356] Register server push request handler:com.alibaba.nacos.common.remote.client.RpcClient$ConnectResetRequestHandler
2025-01-18 22:08:48.464 [com.alibaba.nacos.client.remote.worker] INFO  com.alibaba.nacos.client.naming - Grpc connection connect
2025-01-18 22:08:48.464 [main] INFO  com.alibaba.nacos.common.remote.client - [8797a695-684e-4ffc-93ec-9a3914f18356] Register server push request handler:com.alibaba.nacos.common.remote.client.RpcClient$$Lambda$1050/0x000001f18174d8d8
2025-01-18 22:08:48.465 [main] INFO  com.alibaba.nacos.client.naming - [REGISTER-SERVICE] xiaochengshu registering service xiaochengshu-search with instance Instance{instanceId='null', ip='192.168.17.1', port=8092, weight=1.0, healthy=true, enabled=true, ephemeral=true, clusterName='DEFAULT', serviceName='null', metadata={IPv6=null, preserved.register.source=SPRING_CLOUD}}
2025-01-18 22:08:48.483 [main] INFO  c.a.cloud.nacos.registry.NacosServiceRegistry - nacos registry, DEFAULT_GROUP xiaochengshu-search 192.168.17.1:8092 register finished
2025-01-18 22:08:48.668 [main] INFO  c.swc.orangBook.search.OrangeBookSearchApplication - Started OrangeBookSearchApplication in 5.231 seconds (process running for 5.825)
2025-01-18 22:08:53.386 [http-nio-8092-exec-2] INFO  o.a.c.core.ContainerBase.[Tomcat].[localhost].[/] - Initializing Spring DispatcherServlet 'dispatcherServlet'
2025-01-18 22:08:53.387 [http-nio-8092-exec-2] INFO  org.springframework.web.servlet.DispatcherServlet - Initializing Servlet 'dispatcherServlet'
2025-01-18 22:08:53.388 [http-nio-8092-exec-2] INFO  org.springframework.web.servlet.DispatcherServlet - Completed initialization in 1 ms
2025-01-18 22:08:53.468 [http-nio-8092-exec-2] INFO  c.s.f.b.operationlog.aspect.ApiOperationLogAspect - ====== 请求开始: [搜索用户], 入参: {"keyword":"小橙","pageNo":1}, 请求类: com.swc.orangBook.search.controller.UserController, 请求方法: searchUser =================================== 
2025-01-18 22:08:53.570 [http-nio-8092-exec-2] INFO  c.s.orangBook.search.service.impl.UserServiceImpl - ==> SearchRequest: SearchRequest{searchType=QUERY_THEN_FETCH, indices=[user], indicesOptions=IndicesOptions[ignore_unavailable=false, allow_no_indices=true, expand_wildcards_open=true, expand_wildcards_closed=false, allow_aliases_to_multiple_indices=true, forbid_closed_indices=true, ignore_aliases=false, ignore_throttled=true], types=[], routing='null', preference='null', requestCache=null, scroll=null, maxConcurrentShardRequests=0, batchedReduceSize=512, preFilterShardSize=128, allowPartialSearchResults=null, localClusterAlias=null, getOrCreateAbsoluteStartMillis=-1, ccsMinimizeRoundtrips=true, source={"from":0,"size":10,"query":{"multi_match":{"query":"小橙","fields":["nickname^1.0","xiaochengshu_id^1.0"],"type":"best_fields","operator":"OR","slop":0,"prefix_length":0,"max_expansions":50,"zero_terms_query":"NONE","auto_generate_synonyms_phrase_query":true,"fuzzy_transpositions":true,"boost":1.0}},"sort":[{"fans_total":{"order":"desc"}}],"highlight":{"pre_tags":["<strong>"],"post_tags":["</strong>"],"fields":{"nickname":{}}}}}
2025-01-18 22:08:53.765 [http-nio-8092-exec-2] INFO  c.s.orangBook.search.service.impl.UserServiceImpl - ==> 命中文档总数, hits: 3
2025-01-18 22:08:53.771 [http-nio-8092-exec-2] INFO  c.s.orangBook.search.service.impl.UserServiceImpl - ==> 文档数据: {"id":110,"note_total":0,"fans_total":1,"avatar":null,"xiaochengshu_id":"10108","nickname":"小橙薯10108"}
2025-01-18 22:08:53.782 [http-nio-8092-exec-2] INFO  c.s.orangBook.search.service.impl.UserServiceImpl - ==> 文档数据: {"id":111,"note_total":0,"fans_total":0,"avatar":null,"xiaochengshu_id":"10109","nickname":"小橙薯12310109"}
2025-01-18 22:08:53.782 [http-nio-8092-exec-2] INFO  c.s.orangBook.search.service.impl.UserServiceImpl - ==> 文档数据: {"id":109,"note_total":11,"fans_total":0,"avatar":"http://192.168.247.138:9000/xiaochengshu/6393372825e44444a9ed89e08a19d87f.jpg","xiaochengshu_id":"chengshu22","nickname":"橙留香55555"}
2025-01-18 22:08:53.785 [http-nio-8092-exec-2] INFO  c.s.f.b.operationlog.aspect.ApiOperationLogAspect - ====== 请求结束: [搜索用户], 耗时: 317ms, 出参: {"success":true,"message":null,"errorCode":null,"data":[{"userId":110,"nickname":"小橙薯10108","avatar":null,"xiaochengshuId":"10108","noteTotal":0,"fansTotal":1,"highlightNickname":"<strong>小</strong><strong>橙</strong>薯10108"},{"userId":111,"nickname":"小橙薯12310109","avatar":null,"xiaochengshuId":"10109","noteTotal":0,"fansTotal":0,"highlightNickname":"<strong>小</strong><strong>橙</strong>薯12310109"},{"userId":109,"nickname":"橙留香55555","avatar":"http://192.168.247.138:9000/xiaochengshu/6393372825e44444a9ed89e08a19d87f.jpg","xiaochengshuId":"chengshu22","noteTotal":11,"fansTotal":0,"highlightNickname":"<strong>橙</strong>留香55555"}],"pageNo":1,"totalCount":3,"pageSize":10,"totalPage":1} =================================== 
2025-01-18 22:15:01.857 [http-nio-8092-exec-7] INFO  c.s.f.b.operationlog.aspect.ApiOperationLogAspect - ====== 请求开始: [搜索用户], 入参: {"keyword":"小橙","pageNo":1}, 请求类: com.swc.orangBook.search.controller.UserController, 请求方法: searchUser =================================== 
2025-01-18 22:15:01.858 [http-nio-8092-exec-7] INFO  c.s.orangBook.search.service.impl.UserServiceImpl - ==> SearchRequest: SearchRequest{searchType=QUERY_THEN_FETCH, indices=[user], indicesOptions=IndicesOptions[ignore_unavailable=false, allow_no_indices=true, expand_wildcards_open=true, expand_wildcards_closed=false, allow_aliases_to_multiple_indices=true, forbid_closed_indices=true, ignore_aliases=false, ignore_throttled=true], types=[], routing='null', preference='null', requestCache=null, scroll=null, maxConcurrentShardRequests=0, batchedReduceSize=512, preFilterShardSize=128, allowPartialSearchResults=null, localClusterAlias=null, getOrCreateAbsoluteStartMillis=-1, ccsMinimizeRoundtrips=true, source={"from":0,"size":10,"query":{"multi_match":{"query":"小橙","fields":["nickname^1.0","xiaochengshu_id^1.0"],"type":"best_fields","operator":"OR","slop":0,"prefix_length":0,"max_expansions":50,"zero_terms_query":"NONE","auto_generate_synonyms_phrase_query":true,"fuzzy_transpositions":true,"boost":1.0}},"sort":[{"fans_total":{"order":"desc"}}],"highlight":{"pre_tags":["<strong>"],"post_tags":["</strong>"],"fields":{"nickname":{}}}}}
2025-01-18 22:15:01.875 [http-nio-8092-exec-7] INFO  c.s.orangBook.search.service.impl.UserServiceImpl - ==> 命中文档总数, hits: 3
2025-01-18 22:15:01.875 [http-nio-8092-exec-7] INFO  c.s.orangBook.search.service.impl.UserServiceImpl - ==> 文档数据: {"id":110,"note_total":0,"fans_total":137623,"avatar":null,"xiaochengshu_id":"10108","nickname":"小橙薯10108"}
2025-01-18 22:15:01.876 [http-nio-8092-exec-7] INFO  c.s.orangBook.search.service.impl.UserServiceImpl - ==> 文档数据: {"id":111,"note_total":0,"fans_total":0,"avatar":null,"xiaochengshu_id":"10109","nickname":"小橙薯12310109"}
2025-01-18 22:15:01.876 [http-nio-8092-exec-7] INFO  c.s.orangBook.search.service.impl.UserServiceImpl - ==> 文档数据: {"id":109,"note_total":11,"fans_total":0,"avatar":"http://192.168.247.138:9000/xiaochengshu/6393372825e44444a9ed89e08a19d87f.jpg","xiaochengshu_id":"chengshu22","nickname":"橙留香55555"}
2025-01-18 22:15:01.876 [http-nio-8092-exec-7] INFO  c.s.f.b.operationlog.aspect.ApiOperationLogAspect - ====== 请求结束: [搜索用户], 耗时: 19ms, 出参: {"success":true,"message":null,"errorCode":null,"data":[{"userId":110,"nickname":"小橙薯10108","avatar":null,"xiaochengshuId":"10108","noteTotal":0,"fansTotal":137623,"highlightNickname":"<strong>小</strong><strong>橙</strong>薯10108"},{"userId":111,"nickname":"小橙薯12310109","avatar":null,"xiaochengshuId":"10109","noteTotal":0,"fansTotal":0,"highlightNickname":"<strong>小</strong><strong>橙</strong>薯12310109"},{"userId":109,"nickname":"橙留香55555","avatar":"http://192.168.247.138:9000/xiaochengshu/6393372825e44444a9ed89e08a19d87f.jpg","xiaochengshuId":"chengshu22","noteTotal":11,"fansTotal":0,"highlightNickname":"<strong>橙</strong>留香55555"}],"pageNo":1,"totalCount":3,"pageSize":10,"totalPage":1} =================================== 
2025-01-18 22:15:20.639 [Thread-8] WARN  c.alibaba.nacos.common.http.HttpClientBeanHolder - [HttpClientBeanHolder] Start destroying common HttpClient
2025-01-18 22:15:20.639 [Thread-5] WARN  com.alibaba.nacos.common.notify.NotifyCenter - [NotifyCenter] Start destroying Publisher
2025-01-18 22:15:20.639 [Thread-5] WARN  com.alibaba.nacos.common.notify.NotifyCenter - [NotifyCenter] Destruction of the end
2025-01-18 22:15:20.640 [Thread-8] WARN  c.alibaba.nacos.common.http.HttpClientBeanHolder - [HttpClientBeanHolder] Destruction of the end
2025-01-18 22:15:20.688 [SpringApplicationShutdownHook] INFO  c.a.cloud.nacos.registry.NacosServiceRegistry - De-registering from Nacos Server now...
2025-01-18 22:15:20.688 [SpringApplicationShutdownHook] INFO  com.alibaba.nacos.client.naming - [DEREGISTER-SERVICE] xiaochengshu deregistering service xiaochengshu-search with instance: Instance{instanceId='null', ip='192.168.17.1', port=8092, weight=1.0, healthy=true, enabled=true, ephemeral=true, clusterName='DEFAULT', serviceName='null', metadata={}}
2025-01-18 22:15:20.710 [SpringApplicationShutdownHook] INFO  c.a.cloud.nacos.registry.NacosServiceRegistry - De-registration finished.
2025-01-18 22:15:20.710 [SpringApplicationShutdownHook] INFO  com.alibaba.nacos.client.naming - com.alibaba.nacos.client.naming.cache.ServiceInfoHolder do shutdown begin
2025-01-18 22:15:20.710 [SpringApplicationShutdownHook] INFO  com.alibaba.nacos.client.naming - com.alibaba.nacos.client.naming.backups.FailoverReactor do shutdown begin
2025-01-18 22:15:20.710 [SpringApplicationShutdownHook] INFO  com.alibaba.nacos.client.naming - com.alibaba.nacos.client.naming.backups.FailoverReactor do shutdown stop
2025-01-18 22:15:20.711 [SpringApplicationShutdownHook] INFO  com.alibaba.nacos.client.naming - com.alibaba.nacos.client.naming.cache.ServiceInfoHolder do shutdown stop
2025-01-18 22:15:20.711 [SpringApplicationShutdownHook] INFO  com.alibaba.nacos.client.naming - com.alibaba.nacos.client.naming.remote.NamingClientProxyDelegate do shutdown begin
2025-01-18 22:15:20.711 [SpringApplicationShutdownHook] INFO  com.alibaba.nacos.client.naming - com.alibaba.nacos.client.naming.core.ServiceInfoUpdateService do shutdown begin
2025-01-18 22:15:20.711 [SpringApplicationShutdownHook] INFO  com.alibaba.nacos.client.naming - com.alibaba.nacos.client.naming.core.ServiceInfoUpdateService do shutdown stop
2025-01-18 22:15:20.711 [SpringApplicationShutdownHook] INFO  com.alibaba.nacos.client.naming - com.alibaba.nacos.client.naming.core.ServerListManager do shutdown begin
2025-01-18 22:15:20.711 [SpringApplicationShutdownHook] WARN  com.alibaba.nacos.client.naming - [NamingHttpClientManager] Start destroying NacosRestTemplate
2025-01-18 22:15:20.711 [SpringApplicationShutdownHook] WARN  com.alibaba.nacos.client.naming - [NamingHttpClientManager] Destruction of the end
2025-01-18 22:15:20.711 [SpringApplicationShutdownHook] INFO  com.alibaba.nacos.client.naming - com.alibaba.nacos.client.naming.core.ServerListManager do shutdown stop
2025-01-18 22:15:20.711 [SpringApplicationShutdownHook] INFO  com.alibaba.nacos.client.naming - com.alibaba.nacos.client.naming.remote.http.NamingHttpClientProxy do shutdown begin
2025-01-18 22:15:20.711 [SpringApplicationShutdownHook] WARN  com.alibaba.nacos.client.naming - [NamingHttpClientManager] Start destroying NacosRestTemplate
2025-01-18 22:15:20.711 [SpringApplicationShutdownHook] WARN  com.alibaba.nacos.client.naming - [NamingHttpClientManager] Destruction of the end
2025-01-18 22:15:20.711 [SpringApplicationShutdownHook] INFO  com.alibaba.nacos.client.naming - com.alibaba.nacos.client.naming.remote.http.NamingHttpClientProxy do shutdown stop
2025-01-18 22:15:20.712 [SpringApplicationShutdownHook] INFO  com.alibaba.nacos.common.remote.client - Shutdown rpc client, set status to shutdown
2025-01-18 22:15:20.712 [SpringApplicationShutdownHook] INFO  com.alibaba.nacos.common.remote.client - Shutdown client event executor java.util.concurrent.ScheduledThreadPoolExecutor@3d29c56d[Running, pool size = 2, active threads = 2, queued tasks = 0, completed tasks = 0]
2025-01-18 22:15:20.712 [SpringApplicationShutdownHook] INFO  com.alibaba.nacos.common.remote.client - Close current connection 1734383009421_192.168.247.1_53138
2025-01-18 22:15:20.718 [nacos-grpc-client-executor-192.168.247.138-99] WARN  c.a.nacos.common.remote.client.grpc.GrpcClient - [1734383009421_192.168.247.1_53138]Ignore error event,isRunning:false,isAbandon=false
2025-01-18 22:15:20.722 [SpringApplicationShutdownHook] INFO  c.a.nacos.common.remote.client.grpc.GrpcClient - Shutdown grpc executor java.util.concurrent.ThreadPoolExecutor@13660629[Running, pool size = 4, active threads = 0, queued tasks = 0, completed tasks = 100]
2025-01-18 22:15:20.723 [SpringApplicationShutdownHook] INFO  com.alibaba.nacos.client.naming - Shutdown grpc redo service executor java.util.concurrent.ScheduledThreadPoolExecutor@19558dc4[Running, pool size = 1, active threads = 0, queued tasks = 1, completed tasks = 131]
2025-01-18 22:15:20.723 [SpringApplicationShutdownHook] INFO  c.a.n.client.auth.ram.identify.CredentialWatcher - [null] CredentialWatcher is stopped
2025-01-18 22:15:20.724 [SpringApplicationShutdownHook] INFO  c.a.n.client.auth.ram.identify.CredentialService - [null] CredentialService is freed
2025-01-18 22:15:20.724 [SpringApplicationShutdownHook] INFO  com.alibaba.nacos.client.naming - com.alibaba.nacos.client.naming.remote.NamingClientProxyDelegate do shutdown stop
2025-01-18 22:15:26.083 [main] WARN  com.alibaba.nacos.client.logging.NacosLogging - Load Logback Configuration of Nacos fail, message: Could not initialize Logback Nacos logging from classpath:nacos-logback.xml
2025-01-18 22:15:26.134 [main] WARN  com.alibaba.nacos.client.logging.NacosLogging - Load Logback Configuration of Nacos fail, message: Could not initialize Logback Nacos logging from classpath:nacos-logback.xml
2025-01-18 22:15:26.683 [main] WARN  com.alibaba.nacos.client.logging.NacosLogging - Load Logback Configuration of Nacos fail, message: Could not initialize Logback Nacos logging from classpath:nacos-logback.xml
2025-01-18 22:15:26.694 [main] WARN  com.alibaba.nacos.client.logging.NacosLogging - Load Logback Configuration of Nacos fail, message: Could not initialize Logback Nacos logging from classpath:nacos-logback.xml
2025-01-18 22:15:26.695 [main] INFO  c.swc.orangBook.search.OrangeBookSearchApplication - The following 1 profile is active: "dev"
2025-01-18 22:15:27.123 [main] INFO  o.springframework.cloud.context.scope.GenericScope - BeanFactory id=00b816de-9570-3dd5-ae5c-1174bcadcabb
2025-01-18 22:15:27.466 [main] INFO  o.s.boot.web.embedded.tomcat.TomcatWebServer - Tomcat initialized with port(s): 8092 (http)
2025-01-18 22:15:27.475 [main] INFO  org.apache.catalina.core.StandardService - Starting service [Tomcat]
2025-01-18 22:15:27.475 [main] INFO  org.apache.catalina.core.StandardEngine - Starting Servlet engine: [Apache Tomcat/10.1.5]
2025-01-18 22:15:27.571 [main] INFO  o.a.c.core.ContainerBase.[Tomcat].[localhost].[/] - Initializing Spring embedded WebApplicationContext
2025-01-18 22:15:27.571 [main] INFO  o.s.b.w.s.c.ServletWebServerApplicationContext - Root WebApplicationContext: initialization completed in 865 ms
2025-01-18 22:15:28.773 [main] INFO  o.s.boot.web.embedded.tomcat.TomcatWebServer - Tomcat started on port(s): 8092 (http) with context path ''
2025-01-18 22:15:28.780 [main] WARN  com.alibaba.nacos.client.logging.NacosLogging - Load Logback Configuration of Nacos fail, message: Could not initialize Logback Nacos logging from classpath:nacos-logback.xml
2025-01-18 22:15:28.781 [main] INFO  com.alibaba.nacos.client.naming - initializer namespace from ans.namespace attribute : null
2025-01-18 22:15:28.782 [main] INFO  com.alibaba.nacos.client.naming - initializer namespace from ALIBABA_ALIWARE_NAMESPACE attribute :null
2025-01-18 22:15:28.782 [main] INFO  com.alibaba.nacos.client.naming - initializer namespace from namespace attribute :null
2025-01-18 22:15:28.805 [main] INFO  com.alibaba.nacos.client.utils.ParamUtil - [settings] [req-serv] nacos-server port:8848
2025-01-18 22:15:28.806 [main] INFO  com.alibaba.nacos.client.utils.ParamUtil - [settings] [http-client] connect timeout:1000
2025-01-18 22:15:28.807 [main] INFO  com.alibaba.nacos.client.utils.ParamUtil - PER_TASK_CONFIG_SIZE: 3000.0
2025-01-18 22:15:28.811 [main] INFO  c.a.n.p.auth.spi.client.ClientAuthPluginManager - [ClientAuthPluginManager] Load ClientAuthService com.alibaba.nacos.client.auth.impl.NacosClientAuthServiceImpl success.
2025-01-18 22:15:28.811 [main] INFO  c.a.n.p.auth.spi.client.ClientAuthPluginManager - [ClientAuthPluginManager] Load ClientAuthService com.alibaba.nacos.client.auth.ram.RamClientAuthServiceImpl success.
2025-01-18 22:15:28.814 [main] INFO  c.a.n.client.auth.ram.identify.CredentialWatcher - null No credential found
2025-01-18 22:15:28.823 [main] INFO  com.alibaba.nacos.common.remote.client - [RpcClientFactory] create a new rpc client of a18d2ce9-0ac5-4aca-968f-fed149b6b12f
2025-01-18 22:15:28.844 [main] INFO  com.alibaba.nacos.common.remote.client - [a18d2ce9-0ac5-4aca-968f-fed149b6b12f] RpcClient init, ServerListFactory = com.alibaba.nacos.client.naming.core.ServerListManager
2025-01-18 22:15:28.844 [main] INFO  com.alibaba.nacos.common.remote.client - [a18d2ce9-0ac5-4aca-968f-fed149b6b12f] Registry connection listener to current client:com.alibaba.nacos.client.naming.remote.gprc.redo.NamingGrpcRedoService
2025-01-18 22:15:28.845 [main] INFO  com.alibaba.nacos.common.remote.client - [a18d2ce9-0ac5-4aca-968f-fed149b6b12f] Register server push request handler:com.alibaba.nacos.client.naming.remote.gprc.NamingPushRequestHandler
2025-01-18 22:15:28.847 [main] INFO  com.alibaba.nacos.common.remote.client - [a18d2ce9-0ac5-4aca-968f-fed149b6b12f] Try to connect to server on start up, server: {serverIp = '192.168.247.138', server main port = 8848}
2025-01-18 22:15:28.875 [main] INFO  c.a.nacos.common.remote.client.grpc.GrpcClient - grpc client connection server:192.168.247.138 ip,serverPort:9848,grpcTslConfig:{"sslProvider":"OPENSSL","enableTls":false,"mutualAuthEnable":false,"trustAll":false}
2025-01-18 22:15:29.891 [main] INFO  com.alibaba.nacos.common.remote.client - [a18d2ce9-0ac5-4aca-968f-fed149b6b12f] Success to connect to server [192.168.247.138:8848] on start up, connectionId = 1734383444312_192.168.247.1_53503
2025-01-18 22:15:29.892 [com.alibaba.nacos.client.remote.worker] INFO  com.alibaba.nacos.common.remote.client - [a18d2ce9-0ac5-4aca-968f-fed149b6b12f] Notify connected event to listeners.
2025-01-18 22:15:29.892 [main] INFO  com.alibaba.nacos.common.remote.client - [a18d2ce9-0ac5-4aca-968f-fed149b6b12f] Register server push request handler:com.alibaba.nacos.common.remote.client.RpcClient$ConnectResetRequestHandler
2025-01-18 22:15:29.892 [com.alibaba.nacos.client.remote.worker] INFO  com.alibaba.nacos.client.naming - Grpc connection connect
2025-01-18 22:15:29.892 [main] INFO  com.alibaba.nacos.common.remote.client - [a18d2ce9-0ac5-4aca-968f-fed149b6b12f] Register server push request handler:com.alibaba.nacos.common.remote.client.RpcClient$$Lambda$1050/0x000001588474dd88
2025-01-18 22:15:29.893 [main] INFO  com.alibaba.nacos.client.naming - [REGISTER-SERVICE] xiaochengshu registering service xiaochengshu-search with instance Instance{instanceId='null', ip='192.168.17.1', port=8092, weight=1.0, healthy=true, enabled=true, ephemeral=true, clusterName='DEFAULT', serviceName='null', metadata={IPv6=null, preserved.register.source=SPRING_CLOUD}}
2025-01-18 22:15:29.908 [main] INFO  c.a.cloud.nacos.registry.NacosServiceRegistry - nacos registry, DEFAULT_GROUP xiaochengshu-search 192.168.17.1:8092 register finished
2025-01-18 22:15:30.096 [main] INFO  c.swc.orangBook.search.OrangeBookSearchApplication - Started OrangeBookSearchApplication in 4.75 seconds (process running for 5.314)
2025-01-18 22:15:33.060 [http-nio-8092-exec-2] INFO  o.a.c.core.ContainerBase.[Tomcat].[localhost].[/] - Initializing Spring DispatcherServlet 'dispatcherServlet'
2025-01-18 22:15:33.061 [http-nio-8092-exec-2] INFO  org.springframework.web.servlet.DispatcherServlet - Initializing Servlet 'dispatcherServlet'
2025-01-18 22:15:33.063 [http-nio-8092-exec-2] INFO  org.springframework.web.servlet.DispatcherServlet - Completed initialization in 1 ms
2025-01-18 22:15:33.149 [http-nio-8092-exec-2] INFO  c.s.f.b.operationlog.aspect.ApiOperationLogAspect - ====== 请求开始: [搜索用户], 入参: {"keyword":"小橙","pageNo":1}, 请求类: com.swc.orangBook.search.controller.UserController, 请求方法: searchUser =================================== 
2025-01-18 22:15:33.259 [http-nio-8092-exec-2] INFO  c.s.orangBook.search.service.impl.UserServiceImpl - ==> SearchRequest: SearchRequest{searchType=QUERY_THEN_FETCH, indices=[user], indicesOptions=IndicesOptions[ignore_unavailable=false, allow_no_indices=true, expand_wildcards_open=true, expand_wildcards_closed=false, allow_aliases_to_multiple_indices=true, forbid_closed_indices=true, ignore_aliases=false, ignore_throttled=true], types=[], routing='null', preference='null', requestCache=null, scroll=null, maxConcurrentShardRequests=0, batchedReduceSize=512, preFilterShardSize=128, allowPartialSearchResults=null, localClusterAlias=null, getOrCreateAbsoluteStartMillis=-1, ccsMinimizeRoundtrips=true, source={"from":0,"size":10,"query":{"multi_match":{"query":"小橙","fields":["nickname^1.0","xiaochengshu_id^1.0"],"type":"best_fields","operator":"OR","slop":0,"prefix_length":0,"max_expansions":50,"zero_terms_query":"NONE","auto_generate_synonyms_phrase_query":true,"fuzzy_transpositions":true,"boost":1.0}},"sort":[{"fans_total":{"order":"desc"}}],"highlight":{"pre_tags":["<strong>"],"post_tags":["</strong>"],"fields":{"nickname":{}}}}}
2025-01-18 22:15:33.402 [http-nio-8092-exec-2] INFO  c.s.orangBook.search.service.impl.UserServiceImpl - ==> 命中文档总数, hits: 3
2025-01-18 22:15:33.408 [http-nio-8092-exec-2] INFO  c.s.orangBook.search.service.impl.UserServiceImpl - ==> 文档数据: {"id":110,"note_total":0,"fans_total":137623,"avatar":null,"xiaochengshu_id":"10108","nickname":"小橙薯10108"}
2025-01-18 22:15:33.419 [http-nio-8092-exec-2] INFO  c.s.orangBook.search.service.impl.UserServiceImpl - ==> 文档数据: {"id":111,"note_total":0,"fans_total":0,"avatar":null,"xiaochengshu_id":"10109","nickname":"小橙薯12310109"}
2025-01-18 22:15:33.419 [http-nio-8092-exec-2] INFO  c.s.orangBook.search.service.impl.UserServiceImpl - ==> 文档数据: {"id":109,"note_total":11,"fans_total":0,"avatar":"http://192.168.247.138:9000/xiaochengshu/6393372825e44444a9ed89e08a19d87f.jpg","xiaochengshu_id":"chengshu22","nickname":"橙留香55555"}
2025-01-18 22:15:33.422 [http-nio-8092-exec-2] INFO  c.s.f.b.operationlog.aspect.ApiOperationLogAspect - ====== 请求结束: [搜索用户], 耗时: 273ms, 出参: {"success":true,"message":null,"errorCode":null,"data":[{"userId":110,"nickname":"小橙薯10108","avatar":null,"xiaochengshuId":"10108","noteTotal":0,"fansTotal":"13.7万","highlightNickname":"<strong>小</strong><strong>橙</strong>薯10108"},{"userId":111,"nickname":"小橙薯12310109","avatar":null,"xiaochengshuId":"10109","noteTotal":0,"fansTotal":"0","highlightNickname":"<strong>小</strong><strong>橙</strong>薯12310109"},{"userId":109,"nickname":"橙留香55555","avatar":"http://192.168.247.138:9000/xiaochengshu/6393372825e44444a9ed89e08a19d87f.jpg","xiaochengshuId":"chengshu22","noteTotal":11,"fansTotal":"0","highlightNickname":"<strong>橙</strong>留香55555"}],"pageNo":1,"totalCount":3,"pageSize":10,"totalPage":1} =================================== 
2025-01-18 23:39:09.504 [Thread-5] WARN  com.alibaba.nacos.common.notify.NotifyCenter - [NotifyCenter] Start destroying Publisher
2025-01-18 23:39:09.504 [Thread-8] WARN  c.alibaba.nacos.common.http.HttpClientBeanHolder - [HttpClientBeanHolder] Start destroying common HttpClient
2025-01-18 23:39:09.513 [Thread-5] WARN  com.alibaba.nacos.common.notify.NotifyCenter - [NotifyCenter] Destruction of the end
2025-01-18 23:39:09.519 [Thread-8] WARN  c.alibaba.nacos.common.http.HttpClientBeanHolder - [HttpClientBeanHolder] Destruction of the end
2025-01-18 23:39:09.689 [SpringApplicationShutdownHook] INFO  c.a.cloud.nacos.registry.NacosServiceRegistry - De-registering from Nacos Server now...
2025-01-18 23:39:09.690 [SpringApplicationShutdownHook] INFO  com.alibaba.nacos.client.naming - [DEREGISTER-SERVICE] xiaochengshu deregistering service xiaochengshu-search with instance: Instance{instanceId='null', ip='192.168.17.1', port=8092, weight=1.0, healthy=true, enabled=true, ephemeral=true, clusterName='DEFAULT', serviceName='null', metadata={}}
2025-01-18 23:39:12.484 [com.alibaba.nacos.client.naming.grpc.redo.0] INFO  com.alibaba.nacos.client.naming - Redo instance operation UNREGISTER for DEFAULT_GROUP@@xiaochengshu-search
2025-01-18 23:39:12.697 [SpringApplicationShutdownHook] ERROR com.alibaba.nacos.common.remote.client - Send request fail, request = InstanceRequest{headers={app=unknown}, requestId='null'}, retryTimes = 0, errorMessage = java.util.concurrent.TimeoutException: Waited 3000 milliseconds (plus 1 milliseconds, 391101 nanoseconds delay) for com.alibaba.nacos.shaded.io.grpc.stub.ClientCalls$GrpcFuture@3ea9fb5f[status=PENDING, info=[GrpcFuture{clientCall=ClientCallImpl{method=MethodDescriptor{fullMethodName=Request/request, type=UNARY, idempotent=false, safe=false, sampledToLocalTracing=true, requestMarshaller=com.alibaba.nacos.shaded.io.grpc.protobuf.lite.ProtoLiteUtils$MessageMarshaller@21d7bca, responseMarshaller=com.alibaba.nacos.shaded.io.grpc.protobuf.lite.ProtoLiteUtils$MessageMarshaller@2d691915, schemaDescriptor=com.alibaba.nacos.api.grpc.auto.RequestGrpc$RequestMethodDescriptorSupplier@5fd3cb85}}}]]
2025-01-18 23:39:12.729 [SpringApplicationShutdownHook] ERROR c.a.cloud.nacos.registry.NacosServiceRegistry - ERR_NACOS_DEREGISTER, de-register failed...NacosRegistration{nacosDiscoveryProperties=NacosDiscoveryProperties{serverAddr='192.168.247.138:8848', username='', password='', endpoint='', namespace='xiaochengshu', watchDelay=30000, logName='', service='xiaochengshu-search', weight=1.0, clusterName='DEFAULT', group='DEFAULT_GROUP', namingLoadCacheAtStart='false', metadata={IPv6=null, preserved.register.source=SPRING_CLOUD}, registerEnabled=true, ip='192.168.17.1', networkInterface='', port=8092, secure=false, accessKey='', secretKey='', heartBeatInterval=null, heartBeatTimeout=null, ipDeleteTimeout=null, instanceEnabled=true, ephemeral=true, failureToleranceEnabled=false}, ipDeleteTimeout=null, failFast=true}},
com.alibaba.nacos.api.exception.NacosException: java.util.concurrent.TimeoutException: Waited 3000 milliseconds (plus 1 milliseconds, 391101 nanoseconds delay) for com.alibaba.nacos.shaded.io.grpc.stub.ClientCalls$GrpcFuture@3ea9fb5f[status=PENDING, info=[GrpcFuture{clientCall=ClientCallImpl{method=MethodDescriptor{fullMethodName=Request/request, type=UNARY, idempotent=false, safe=false, sampledToLocalTracing=true, requestMarshaller=com.alibaba.nacos.shaded.io.grpc.protobuf.lite.ProtoLiteUtils$MessageMarshaller@21d7bca, responseMarshaller=com.alibaba.nacos.shaded.io.grpc.protobuf.lite.ProtoLiteUtils$MessageMarshaller@2d691915, schemaDescriptor=com.alibaba.nacos.api.grpc.auto.RequestGrpc$RequestMethodDescriptorSupplier@5fd3cb85}}}]]
	at com.alibaba.nacos.common.remote.client.grpc.GrpcConnection.request(GrpcConnection.java:78)
	at com.alibaba.nacos.common.remote.client.RpcClient.request(RpcClient.java:645)
	at com.alibaba.nacos.common.remote.client.RpcClient.request(RpcClient.java:623)
	at com.alibaba.nacos.client.naming.remote.gprc.NamingGrpcClientProxy.requestToServer(NamingGrpcClientProxy.java:357)
	at com.alibaba.nacos.client.naming.remote.gprc.NamingGrpcClientProxy.doDeregisterService(NamingGrpcClientProxy.java:234)
	at com.alibaba.nacos.client.naming.remote.gprc.NamingGrpcClientProxy.deregisterService(NamingGrpcClientProxy.java:220)
	at com.alibaba.nacos.client.naming.remote.NamingClientProxyDelegate.deregisterService(NamingClientProxyDelegate.java:125)
	at com.alibaba.nacos.client.naming.NacosNamingService.deregisterInstance(NacosNamingService.java:192)
	at com.alibaba.nacos.client.naming.NacosNamingService.deregisterInstance(NacosNamingService.java:182)
	at com.alibaba.cloud.nacos.registry.NacosServiceRegistry.deregister(NacosServiceRegistry.java:107)
	at org.springframework.cloud.client.serviceregistry.AbstractAutoServiceRegistration.deregister(AbstractAutoServiceRegistration.java:281)
	at org.springframework.cloud.client.serviceregistry.AbstractAutoServiceRegistration.stop(AbstractAutoServiceRegistration.java:299)
	at org.springframework.cloud.client.serviceregistry.AbstractAutoServiceRegistration.destroy(AbstractAutoServiceRegistration.java:233)
	at java.base/jdk.internal.reflect.NativeMethodAccessorImpl.invoke0(Native Method)
	at java.base/jdk.internal.reflect.NativeMethodAccessorImpl.invoke(NativeMethodAccessorImpl.java:77)
	at java.base/jdk.internal.reflect.DelegatingMethodAccessorImpl.invoke(DelegatingMethodAccessorImpl.java:43)
	at java.base/java.lang.reflect.Method.invoke(Method.java:568)
	at org.springframework.beans.factory.annotation.InitDestroyAnnotationBeanPostProcessor$LifecycleElement.invoke(InitDestroyAnnotationBeanPostProcessor.java:424)
	at org.springframework.beans.factory.annotation.InitDestroyAnnotationBeanPostProcessor$LifecycleMetadata.invokeDestroyMethods(InitDestroyAnnotationBeanPostProcessor.java:382)
	at org.springframework.beans.factory.annotation.InitDestroyAnnotationBeanPostProcessor.postProcessBeforeDestruction(InitDestroyAnnotationBeanPostProcessor.java:212)
	at org.springframework.beans.factory.support.DisposableBeanAdapter.destroy(DisposableBeanAdapter.java:191)
	at org.springframework.beans.factory.support.DefaultSingletonBeanRegistry.destroyBean(DefaultSingletonBeanRegistry.java:587)
	at org.springframework.beans.factory.support.DefaultSingletonBeanRegistry.destroySingleton(DefaultSingletonBeanRegistry.java:559)
	at org.springframework.beans.factory.support.DefaultListableBeanFactory.destroySingleton(DefaultListableBeanFactory.java:1177)
	at org.springframework.beans.factory.support.DefaultSingletonBeanRegistry.destroySingletons(DefaultSingletonBeanRegistry.java:520)
	at org.springframework.beans.factory.support.DefaultListableBeanFactory.destroySingletons(DefaultListableBeanFactory.java:1170)
	at org.springframework.context.support.AbstractApplicationContext.destroyBeans(AbstractApplicationContext.java:1082)
	at org.springframework.context.support.AbstractApplicationContext.doClose(AbstractApplicationContext.java:1051)
	at org.springframework.boot.web.servlet.context.ServletWebServerApplicationContext.doClose(ServletWebServerApplicationContext.java:173)
	at org.springframework.context.support.AbstractApplicationContext.close(AbstractApplicationContext.java:1001)
	at org.springframework.boot.SpringApplicationShutdownHook.closeAndWait(SpringApplicationShutdownHook.java:139)
	at java.base/java.lang.Iterable.forEach(Iterable.java:75)
	at org.springframework.boot.SpringApplicationShutdownHook.run(SpringApplicationShutdownHook.java:108)
	at java.base/java.lang.Thread.run(Thread.java:842)
Caused by: java.util.concurrent.TimeoutException: Waited 3000 milliseconds (plus 1 milliseconds, 391101 nanoseconds delay) for com.alibaba.nacos.shaded.io.grpc.stub.ClientCalls$GrpcFuture@3ea9fb5f[status=PENDING, info=[GrpcFuture{clientCall=ClientCallImpl{method=MethodDescriptor{fullMethodName=Request/request, type=UNARY, idempotent=false, safe=false, sampledToLocalTracing=true, requestMarshaller=com.alibaba.nacos.shaded.io.grpc.protobuf.lite.ProtoLiteUtils$MessageMarshaller@21d7bca, responseMarshaller=com.alibaba.nacos.shaded.io.grpc.protobuf.lite.ProtoLiteUtils$MessageMarshaller@2d691915, schemaDescriptor=com.alibaba.nacos.api.grpc.auto.RequestGrpc$RequestMethodDescriptorSupplier@5fd3cb85}}}]]
	at com.alibaba.nacos.shaded.com.google.common.util.concurrent.AbstractFuture.get(AbstractFuture.java:508)
	at com.alibaba.nacos.common.remote.client.grpc.GrpcConnection.request(GrpcConnection.java:76)
	... 33 common frames omitted
2025-01-18 23:39:12.735 [SpringApplicationShutdownHook] INFO  c.a.cloud.nacos.registry.NacosServiceRegistry - De-registration finished.
2025-01-18 23:39:12.736 [SpringApplicationShutdownHook] INFO  com.alibaba.nacos.client.naming - com.alibaba.nacos.client.naming.cache.ServiceInfoHolder do shutdown begin
2025-01-18 23:39:12.736 [SpringApplicationShutdownHook] INFO  com.alibaba.nacos.client.naming - com.alibaba.nacos.client.naming.backups.FailoverReactor do shutdown begin
2025-01-18 23:39:12.737 [SpringApplicationShutdownHook] INFO  com.alibaba.nacos.client.naming - com.alibaba.nacos.client.naming.backups.FailoverReactor do shutdown stop
2025-01-18 23:39:12.737 [SpringApplicationShutdownHook] INFO  com.alibaba.nacos.client.naming - com.alibaba.nacos.client.naming.cache.ServiceInfoHolder do shutdown stop
2025-01-18 23:39:12.737 [SpringApplicationShutdownHook] INFO  com.alibaba.nacos.client.naming - com.alibaba.nacos.client.naming.remote.NamingClientProxyDelegate do shutdown begin
2025-01-18 23:39:12.737 [SpringApplicationShutdownHook] INFO  com.alibaba.nacos.client.naming - com.alibaba.nacos.client.naming.core.ServiceInfoUpdateService do shutdown begin
2025-01-18 23:39:12.737 [SpringApplicationShutdownHook] INFO  com.alibaba.nacos.client.naming - com.alibaba.nacos.client.naming.core.ServiceInfoUpdateService do shutdown stop
2025-01-18 23:39:12.738 [SpringApplicationShutdownHook] INFO  com.alibaba.nacos.client.naming - com.alibaba.nacos.client.naming.core.ServerListManager do shutdown begin
2025-01-18 23:39:12.738 [SpringApplicationShutdownHook] WARN  com.alibaba.nacos.client.naming - [NamingHttpClientManager] Start destroying NacosRestTemplate
2025-01-18 23:39:12.738 [SpringApplicationShutdownHook] WARN  com.alibaba.nacos.client.naming - [NamingHttpClientManager] Destruction of the end
2025-01-18 23:39:12.738 [SpringApplicationShutdownHook] INFO  com.alibaba.nacos.client.naming - com.alibaba.nacos.client.naming.core.ServerListManager do shutdown stop
2025-01-18 23:39:12.738 [SpringApplicationShutdownHook] INFO  com.alibaba.nacos.client.naming - com.alibaba.nacos.client.naming.remote.http.NamingHttpClientProxy do shutdown begin
2025-01-18 23:39:12.738 [SpringApplicationShutdownHook] WARN  com.alibaba.nacos.client.naming - [NamingHttpClientManager] Start destroying NacosRestTemplate
2025-01-18 23:39:12.739 [SpringApplicationShutdownHook] WARN  com.alibaba.nacos.client.naming - [NamingHttpClientManager] Destruction of the end
2025-01-18 23:39:12.739 [SpringApplicationShutdownHook] INFO  com.alibaba.nacos.client.naming - com.alibaba.nacos.client.naming.remote.http.NamingHttpClientProxy do shutdown stop
2025-01-18 23:39:12.739 [SpringApplicationShutdownHook] INFO  com.alibaba.nacos.common.remote.client - Shutdown rpc client, set status to shutdown
2025-01-18 23:39:12.739 [SpringApplicationShutdownHook] INFO  com.alibaba.nacos.common.remote.client - Shutdown client event executor java.util.concurrent.ScheduledThreadPoolExecutor@7dbed57f[Running, pool size = 2, active threads = 2, queued tasks = 0, completed tasks = 0]
2025-01-18 23:39:12.739 [SpringApplicationShutdownHook] INFO  com.alibaba.nacos.common.remote.client - Close current connection 1734383444312_192.168.247.1_53503
2025-01-18 23:39:12.739 [com.alibaba.nacos.client.remote.worker] INFO  com.alibaba.nacos.common.remote.client - [a18d2ce9-0ac5-4aca-968f-fed149b6b12f] Server healthy check fail, currentConnection = 1734383444312_192.168.247.1_53503
2025-01-18 23:39:12.747 [nacos-grpc-client-executor-192.168.247.138-1048] WARN  c.a.nacos.common.remote.client.grpc.GrpcClient - [1734383444312_192.168.247.1_53503]Ignore error event,isRunning:false,isAbandon=false
2025-01-18 23:39:12.748 [com.alibaba.nacos.client.naming.grpc.redo.0] ERROR com.alibaba.nacos.common.remote.client - Send request fail, request = InstanceRequest{headers={app=unknown}, requestId='null'}, retryTimes = 0, errorMessage = java.util.concurrent.ExecutionException: com.alibaba.nacos.shaded.io.grpc.StatusRuntimeException: UNAVAILABLE: Channel shutdownNow invoked
2025-01-18 23:39:12.753 [SpringApplicationShutdownHook] INFO  c.a.nacos.common.remote.client.grpc.GrpcClient - Shutdown grpc executor java.util.concurrent.ThreadPoolExecutor@7007d801[Running, pool size = 7, active threads = 0, queued tasks = 0, completed tasks = 1054]
2025-01-18 23:39:12.754 [SpringApplicationShutdownHook] INFO  com.alibaba.nacos.client.naming - Shutdown grpc redo service executor java.util.concurrent.ScheduledThreadPoolExecutor@6293af54[Running, pool size = 1, active threads = 1, queued tasks = 0, completed tasks = 1673]
2025-01-18 23:39:12.754 [com.alibaba.nacos.client.naming.grpc.redo.0] ERROR com.alibaba.nacos.common.remote.client - Send request fail, request = InstanceRequest{headers={app=unknown}, requestId='null'}, retryTimes = 1, errorMessage = Client not connected, current status:SHUTDOWN
2025-01-18 23:39:12.754 [SpringApplicationShutdownHook] INFO  c.a.n.client.auth.ram.identify.CredentialWatcher - [null] CredentialWatcher is stopped
2025-01-18 23:39:12.754 [SpringApplicationShutdownHook] INFO  c.a.n.client.auth.ram.identify.CredentialService - [null] CredentialService is freed
2025-01-18 23:39:12.755 [SpringApplicationShutdownHook] INFO  com.alibaba.nacos.client.naming - com.alibaba.nacos.client.naming.remote.NamingClientProxyDelegate do shutdown stop
